Build started 17/03/2016 14:05:03.
     1>Project "C:\Users\dsanchez\Documents\Computer_Graphics_Game-OpenGL\06.01 - Basic Game Engine\06.01 - Basic Game Engine.vcxproj" on node 2 (Build target(s)).
     1>ClCompile:
         C:\Program Files (x86)\Microsoft Visual Studio 14.0\VC\bin\CL.exe /c /ZI /nologo /W3 /WX- /sdl /Od /Oy- /D WIN32 /D _DEBUG /D _CONSOLE /D _UNICODE /D UNICODE /Gm /EHsc /RTC1 /MDd /GS /fp:precise /Zc:wchar_t /Zc:forScope /Zc:inline /Fo"Debug\\" /Fd"Debug\vc140.pdb" /Gd /TP /analyze- /errorReport:prompt Camera.cpp
         Camera.cpp
     1>c:\users\dsanchez\documents\computer_graphics_game-opengl\06.01 - basic game engine\camera.cpp(6): warning C4244: '=': conversion from 'int' to 'float', possible loss of data
     1>c:\users\dsanchez\documents\computer_graphics_game-opengl\06.01 - basic game engine\camera.cpp(16): warning C4305: '=': truncation from 'double' to 'float'
         GLM: perspective function taking degrees as a parameter is deprecated. #define GLM_FORCE_RADIANS before including GLM headers to remove this message.
       Link:
         C:\Program Files (x86)\Microsoft Visual Studio 14.0\VC\bin\link.exe /ERRORREPORT:PROMPT /OUT:"C:\Users\dsanchez\Documents\Computer_Graphics_Game-OpenGL\Debug\06.01 - Basic Game Engine.exe" /INCREMENTAL /NOLOGO sdl2.lib sdl2main.lib opengl32.lib glew32.lib kernel32.lib user32.lib gdi32.lib winspool.lib comdlg32.lib advapi32.lib shell32.lib ole32.lib oleaut32.lib uuid.lib odbc32.lib odbccp32.lib kernel32.lib user32.lib gdi32.lib winspool.lib comdlg32.lib advapi32.lib shell32.lib ole32.lib oleaut32.lib uuid.lib odbc32.lib odbccp32.lib /MANIFEST /MANIFESTUAC:"level='asInvoker' uiAccess='false'" /manifest:embed /Debug /PDB:"C:\Users\dsanchez\Documents\Computer_Graphics_Game-OpenGL\Debug\06.01 - Basic Game Engine.pdb" /SUBSYSTEM:CONSOLE /TLBID:1 /DYNAMICBASE /NXCOMPAT /IMPLIB:"C:\Users\dsanchez\Documents\Computer_Graphics_Game-OpenGL\Debug\06.01 - Basic Game Engine.lib" /MACHINE:X86 Debug\Camera.obj
         Debug\Enemy.obj
         Debug\ErrorManagement.obj
         "Debug\Ex06.01-Main.obj"
         Debug\FPSLimiter.obj
         Debug\Game.obj
         Debug\Geometry.obj
         Debug\GLSLProgram.obj
         Debug\InputManager.obj
         Debug\OpenGLBuffers.obj
         Debug\SpaceShip.obj
         Debug\Window.obj
         06.01 - Basic Game Engine.vcxproj -> C:\Users\dsanchez\Documents\Computer_Graphics_Game-OpenGL\Debug\06.01 - Basic Game Engine.exe
     1>Done Building Project "C:\Users\dsanchez\Documents\Computer_Graphics_Game-OpenGL\06.01 - Basic Game Engine\06.01 - Basic Game Engine.vcxproj" (Build target(s)).

Build succeeded.

Time Elapsed 00:00:00.50
