c:\users\dsanchez\documents\computer_graphics_game-opengl\06.01 - basic game engine\debug\vc140.pdb
c:\users\dsanchez\documents\computer_graphics_game-opengl\06.01 - basic game engine\debug\vc140.idb
c:\users\dsanchez\documents\computer_graphics_game-opengl\06.01 - basic game engine\debug\errormanagement.obj
c:\users\dsanchez\documents\computer_graphics_game-opengl\06.01 - basic game engine\debug\ex06.01-main.obj
c:\users\dsanchez\documents\computer_graphics_game-opengl\06.01 - basic game engine\debug\fpslimiter.obj
c:\users\dsanchez\documents\computer_graphics_game-opengl\06.01 - basic game engine\debug\game.obj
c:\users\dsanchez\documents\computer_graphics_game-opengl\06.01 - basic game engine\debug\glslprogram.obj
c:\users\dsanchez\documents\computer_graphics_game-opengl\06.01 - basic game engine\debug\inputmanager.obj
c:\users\dsanchez\documents\computer_graphics_game-opengl\06.01 - basic game engine\debug\openglbuffers.obj
c:\users\dsanchez\documents\computer_graphics_game-opengl\06.01 - basic game engine\debug\window.obj
c:\users\dsanchez\documents\computer_graphics_game-opengl\06.01 - basic game engine\debug\geometry.obj
c:\users\dsanchez\documents\computer_graphics_game-opengl\debug\06.01 - basic game engine.ilk
c:\users\dsanchez\documents\computer_graphics_game-opengl\debug\06.01 - basic game engine.exe
c:\users\dsanchez\documents\computer_graphics_game-opengl\debug\06.01 - basic game engine.pdb
c:\users\dsanchez\documents\computer_graphics_game-opengl\06.01 - basic game engine\debug\06.01 - .489da902.tlog\cl.command.1.tlog
c:\users\dsanchez\documents\computer_graphics_game-opengl\06.01 - basic game engine\debug\06.01 - .489da902.tlog\cl.read.1.tlog
c:\users\dsanchez\documents\computer_graphics_game-opengl\06.01 - basic game engine\debug\06.01 - .489da902.tlog\cl.write.1.tlog
c:\users\dsanchez\documents\computer_graphics_game-opengl\06.01 - basic game engine\debug\06.01 - .489da902.tlog\link.command.1.tlog
c:\users\dsanchez\documents\computer_graphics_game-opengl\06.01 - basic game engine\debug\06.01 - .489da902.tlog\link.read.1.tlog
c:\users\dsanchez\documents\computer_graphics_game-opengl\06.01 - basic game engine\debug\06.01 - .489da902.tlog\link.write.1.tlog
